2024-10-12 13:54:13 - INFO - Age confirmed
2024-10-12 13:54:14 - INFO - Clicked login button
2024-10-12 13:54:16 - INFO - Logged in successfully
2024-10-12 13:54:21 - INFO - Product appears to be in stock...
2024-10-12 13:54:24 - INFO - Shipping.
2024-10-12 13:54:25 - INFO - Checking out
2024-10-12 13:54:27 - INFO - Proceeded to checkout
2024-10-12 13:54:28 - INFO - Ship to My Store radio button selected.
2024-10-12 13:54:30 - INFO - Continue to Payment button clicked.
2024-10-12 13:54:33 - INFO - Entered security code
2024-10-12 13:54:35 - INFO - Placed order
2024-10-12 13:55:32 - INFO - Age confirmed
2024-10-12 13:55:33 - INFO - Clicked login button
2024-10-12 13:55:36 - INFO - Logged in successfully
2024-10-12 13:55:41 - INFO - Product appears to be in stock...
2024-10-12 13:55:43 - INFO - Shipping.
2024-10-12 13:55:44 - INFO - Checking out
2024-10-12 13:55:46 - INFO - Proceeded to checkout
2024-10-12 13:55:47 - INFO - Ship to My Store radio button selected.
2024-10-12 13:55:53 - ERROR - Continue to Payment button did not become clickable in time.
2024-10-12 13:56:01 - ERROR - Failed entering security code...
2024-10-12 13:56:03 - INFO - Popup close button clicked.
2024-10-12 13:56:08 - ERROR - Failed to place order
2024-10-12 13:58:46 - INFO - Age confirmed
2024-10-12 13:58:47 - INFO - Clicked login button
2024-10-12 13:58:49 - INFO - Logged in successfully
2024-10-12 13:58:54 - INFO - Product appears to be in stock...
2024-10-12 13:59:00 - ERROR - Error while checking availability...
2024-10-12 13:59:01 - INFO - Shipping.
2024-10-12 13:59:06 - ERROR - Error while clicking ship...
2024-10-12 13:59:08 - INFO - Checking out
2024-10-12 13:59:10 - INFO - Proceeded to checkout
2024-10-12 13:59:11 - INFO - Ship to My Store radio button selected.
2024-10-12 13:59:17 - ERROR - Continue to Payment button did not become clickable in time.
2024-10-12 13:59:17 - ERROR - Failed checkout. Trying again
2024-10-12 13:59:17 - ERROR - Exception: Message: 
Stacktrace:
	GetHandleVerifier [0x00007FF77F37B095+29557]
	(No symbol) [0x00007FF77F2EFA50]
	(No symbol) [0x00007FF77F1AB56A]
	(No symbol) [0x00007FF77F1FF695]
	(No symbol) [0x00007FF77F1FF8EC]
	(No symbol) [0x00007FF77F24B777]
	(No symbol) [0x00007FF77F2271CF]
	(No symbol) [0x00007FF77F24851C]
	(No symbol) [0x00007FF77F226F33]
	(No symbol) [0x00007FF77F1F116F]
	(No symbol) [0x00007FF77F1F22D1]
	GetHandleVerifier [0x00007FF77F6AC96D+3378253]
	GetHandleVerifier [0x00007FF77F6F8497+3688311]
	GetHandleVerifier [0x00007FF77F6ED1CB+3642539]
	GetHandleVerifier [0x00007FF77F43A6B6+813462]
	(No symbol) [0x00007FF77F2FAB5F]
	(No symbol) [0x00007FF77F2F6B74]
	(No symbol) [0x00007FF77F2F6D10]
	(No symbol) [0x00007FF77F2E5C1F]
	BaseThreadInitThunk [0x00007FF8E8C2257D+29]
	RtlUserThreadStart [0x00007FF8E9AEAF08+40]

2024-10-12 13:59:23 - INFO - Checking out
2024-10-12 13:59:25 - INFO - Proceeded to checkout
2024-10-12 13:59:26 - INFO - Ship to My Store radio button selected.
2024-10-12 13:59:30 - INFO - Continue to Payment button clicked.
2024-10-12 13:59:33 - INFO - Entered security code
2024-10-12 13:59:35 - INFO - Placed order
2024-10-12 14:01:04 - INFO - Age confirmed
2024-10-12 14:01:05 - INFO - Clicked login button
2024-10-12 14:01:07 - INFO - Logged in successfully
2024-10-12 14:01:12 - INFO - Product appears to be in stock...
2024-10-12 14:01:14 - INFO - Shipping.
2024-10-12 14:01:15 - INFO - Checking out
2024-10-12 14:01:17 - INFO - Proceeded to checkout
2024-10-12 14:01:23 - ERROR - Ship to My Store radio button did not become clickable in time.
2024-10-12 14:01:23 - ERROR - Failed checkout. Trying again
2024-10-12 14:01:23 - ERROR - Exception: Message: 
Stacktrace:
	GetHandleVerifier [0x00007FF77F37B095+29557]
	(No symbol) [0x00007FF77F2EFA50]
	(No symbol) [0x00007FF77F1AB56A]
	(No symbol) [0x00007FF77F1FF695]
	(No symbol) [0x00007FF77F1FF8EC]
	(No symbol) [0x00007FF77F24B777]
	(No symbol) [0x00007FF77F2271CF]
	(No symbol) [0x00007FF77F24851C]
	(No symbol) [0x00007FF77F226F33]
	(No symbol) [0x00007FF77F1F116F]
	(No symbol) [0x00007FF77F1F22D1]
	GetHandleVerifier [0x00007FF77F6AC96D+3378253]
	GetHandleVerifier [0x00007FF77F6F8497+3688311]
	GetHandleVerifier [0x00007FF77F6ED1CB+3642539]
	GetHandleVerifier [0x00007FF77F43A6B6+813462]
	(No symbol) [0x00007FF77F2FAB5F]
	(No symbol) [0x00007FF77F2F6B74]
	(No symbol) [0x00007FF77F2F6D10]
	(No symbol) [0x00007FF77F2E5C1F]
	BaseThreadInitThunk [0x00007FF8E8C2257D+29]
	RtlUserThreadStart [0x00007FF8E9AEAF08+40]

2024-10-12 14:01:31 - INFO - Checking out
2024-10-12 14:01:33 - INFO - Proceeded to checkout
2024-10-12 14:01:34 - INFO - Ship to My Store radio button selected.
2024-10-12 14:01:36 - INFO - Continue to Payment button clicked.
2024-10-12 14:01:39 - INFO - Entered security code
2024-10-12 14:01:41 - INFO - Placed order
